#
# There is insufficient memory for the Java Runtime Environment to continue.
# Native memory allocation (mmap) failed to map 132120576 bytes for Failed to commit area from 0x0000000082400000 to 0x000000008a200000 of length 132120576.
# Possible reasons:
#   The system is out of physical RAM or swap space
#   The process is running with CompressedOops enabled, and the Java Heap may be blocking the growth of the native heap
# Possible solutions:
#   Reduce memory load on the system
#   Increase physical memory or swap space
#   Check if swap backing store is full
#   Decrease Java heap size (-Xmx/-Xms)
#   Decrease number of Java threads
#   Decrease Java thread stack sizes (-Xss)
#   Set larger code cache with -XX:ReservedCodeCacheSize=
# This output file may be truncated or incomplete.
#
#  Out of Memory Error (t:/workspace/open/src/hotspot/os/windows/os_windows.cpp:3269), pid=33528, tid=34176
#
# JRE version:  (11.0.2+9) (build )
# Java VM: Java HotSpot(TM) 64-Bit Server VM (11.0.2+9-LTS, mixed mode, aot, sharing, tiered, compressed oops, g1 gc, windows-amd64)
# No core dump will be written. Minidumps are not enabled by default on client versions of Windows
#

---------------  S U M M A R Y ------------

Command Line: -Dfile.encoding=GBK --module-path=C:\Users\shinelon\eclipse-workspace1\practise\bin -Djdk.module.main=practise practise/practise.PractiseThird

Host: Intel(R) Pentium(R) Gold G5400 CPU @ 3.70GHz, 4 cores, 7G,  Windows 10 , 64 bit Build 18362 (10.0.18362.329)
Time: Sat Sep 21 22:03:44 2019 ?D1¨²¡À¨º¡Á?¨º¡À?? elapsed time: 0 seconds (0d 0h 0m 0s)

---------------  T H R E A D  ---------------

Current thread (0x00000172cf37a000):  JavaThread "Unknown thread" [_thread_in_vm, id=34176, stack(0x0000006efdb00000,0x0000006efdc00000)]

Stack: [0x0000006efdb00000,0x0000006efdc00000]
Native frames: (J=compiled Java code, j=interpreted, Vv=VM code, C=native code)
V  [jvm.dll+0x63574a]
V  [jvm.dll+0x77326f]
V  [jvm.dll+0x77491a]
V  [jvm.dll+0x774fd3]
V  [jvm.dll+0x25e418]
V  [jvm.dll+0x632c0a]
V  [jvm.dll+0x627645]
V  [jvm.dll+0x314e7c]
V  [jvm.dll+0x314d02]
V  [jvm.dll+0x31a576]
V  [jvm.dll+0x36635f]
V  [jvm.dll+0x365d80]
V  [jvm.dll+0x2f19f8]
V  [jvm.dll+0x2f2b56]
V  [jvm.dll+0x74c817]
V  [jvm.dll+0x74df5f]
V  [jvm.dll+0x373179]
V  [jvm.dll+0x732eb9]
V  [jvm.dll+0x3e295d]
V  [jvm.dll+0x3e4c61]
C  [javaw.exe+0x3617]
C  [javaw.exe+0x17e2c]
C  [KERNEL32.DLL+0x17bd4]
C  [ntdll.dll+0x6cee1]


---------------  P R O C E S S  ---------------

Threads class SMR info:
_java_thread_list=0x00000172cf1662d0, length=0, elements={
}

Java Threads: ( => current thread )

Other Threads:
  0x00000172cf38f000 GCTaskThread "GC Thread#0" [stack: 0x0000006efdc00000,0x0000006efdd00000] [id=35676]
  0x00000172cf3c3800 ConcurrentGCThread "G1 Main Marker" [stack: 0x0000006efdd00000,0x0000006efde00000] [id=31092]
  0x00000172cf3c5000 ConcurrentGCThread "G1 Conc#0" [stack: 0x0000006efde00000,0x0000006efdf00000] [id=29004]

[error occurred during error reporting (printing all threads), id 0xc0000005, EXCEPTION_ACCESS_VIOLATION (0xc0000005) at pc=0x00007ffb603a0197]

VM state:not at safepoint (not fully initialized)

VM Mutex/Monitor currently owned by a thread:  ([mutex/lock_event])
[0x00000172cf377990] Heap_lock - owner thread: 0x00000172cf37a000

Heap address: 0x0000000082400000, size: 2012 MB, Compressed Oops mode: Non-zero based: 0x0000000082400000
Narrow klass base: 0x0000000000000000, Narrow klass shift: 0

GC Heap History (0 events):
No events

Deoptimization events (0 events):
No events

Classes redefined (0 events):
No events

Internal exceptions (0 events):
No events

Events (0 events):
No events


Dynamic libraries:
0x00007ff6872a0000 - 0x00007ff6872e7000 	C:\Program Files\Java\jdk-11.0.2\bin\javaw.exe
0x00007ffba7320000 - 0x00007ffba7510000 	C:\WINDOWS\SYSTEM32\ntdll.dll
0x00007ffba7100000 - 0x00007ffba71b2000 	C:\WINDOWS\System32\KERNEL32.DLL
0x00007ffba4e80000 - 0x00007ffba5123000 	C:\WINDOWS\System32\KERNELBASE.dll
0x00007ffba58d0000 - 0x00007ffba5973000 	C:\WINDOWS\System32\ADVAPI32.dll
0x00007ffba6f90000 - 0x00007ffba702e000 	C:\WINDOWS\System32\msvcrt.dll
0x00007ffba7220000 - 0x00007ffba72b7000 	C:\WINDOWS\System32\sechost.dll
0x00007ffba57b0000 - 0x00007ffba58d0000 	C:\WINDOWS\System32\RPCRT4.dll
0x00007ffba5ff0000 - 0x00007ffba6183000 	C:\WINDOWS\System32\USER32.dll
0x00007ffba42e0000 - 0x00007ffba4301000 	C:\WINDOWS\System32\win32u.dll
0x00007ffba61c0000 - 0x00007ffba61e6000 	C:\WINDOWS\System32\GDI32.dll
0x00007ffba4a90000 - 0x00007ffba4c24000 	C:\WINDOWS\System32\gdi32full.dll
0x00007ffba5200000 - 0x00007ffba529e000 	C:\WINDOWS\System32\msvcp_win.dll
0x00007ffba4d80000 - 0x00007ffba4e7a000 	C:\WINDOWS\System32\ucrtbase.dll
0x00007ffb98210000 - 0x00007ffb98495000 	C:\WINDOWS\WinSxS\amd64_microsoft.windows.common-controls_6595b64144ccf1df_6.0.18362.356_none_e6c4af7d130f27cc\COMCTL32.dll
0x00007ffba6a80000 - 0x00007ffba6db6000 	C:\WINDOWS\System32\combase.dll
0x00007ffb97c40000 - 0x00007ffb97c4a000 	C:\WINDOWS\SYSTEM32\VERSION.dll
0x00007ffba5350000 - 0x00007ffba53d0000 	C:\WINDOWS\System32\bcryptPrimitives.dll
0x00007ffba5520000 - 0x00007ffba554e000 	C:\WINDOWS\System32\IMM32.DLL
0x00007ffb9f400000 - 0x00007ffb9f416000 	C:\Program Files\Java\jdk-11.0.2\bin\vcruntime140.dll
0x00007ffb9db60000 - 0x00007ffb9dc0a000 	C:\Program Files\Java\jdk-11.0.2\bin\msvcp140.dll
0x00007ffb600a0000 - 0x00007ffb60bc7000 	C:\Program Files\Java\jdk-11.0.2\bin\server\jvm.dll
0x00007ffba61b0000 - 0x00007ffba61b8000 	C:\WINDOWS\System32\PSAPI.DLL
0x00007ffb8b310000 - 0x00007ffb8b319000 	C:\WINDOWS\SYSTEM32\WSOCK32.dll
0x00007ffba0eb0000 - 0x00007ffba0ed4000 	C:\WINDOWS\SYSTEM32\WINMM.dll
0x00007ffba6dc0000 - 0x00007ffba6e2f000 	C:\WINDOWS\System32\WS2_32.dll
0x00007ffba0e80000 - 0x00007ffba0ead000 	C:\WINDOWS\SYSTEM32\winmmbase.dll
0x00007ffba52a0000 - 0x00007ffba52ea000 	C:\WINDOWS\System32\cfgmgr32.dll
0x00007ffba4250000 - 0x00007ffba4261000 	C:\WINDOWS\System32\kernel.appcore.dll
0x00007ffb98800000 - 0x00007ffb98811000 	C:\Program Files\Java\jdk-11.0.2\bin\verify.dll
0x00007ffb89810000 - 0x00007ffb89a04000 	C:\WINDOWS\SYSTEM32\DBGHELP.DLL
0x00007ffb89b20000 - 0x00007ffb89b4a000 	C:\WINDOWS\SYSTEM32\dbgcore.DLL
0x00007ffb934b0000 - 0x00007ffb934d9000 	C:\Program Files\Java\jdk-11.0.2\bin\java.dll
0x00007ffb908d0000 - 0x00007ffb908e6000 	C:\Program Files\Java\jdk-11.0.2\bin\zip.dll
0x00007ffba0b70000 - 0x00007ffba0b7a000 	C:\Program Files\Java\jdk-11.0.2\bin\jimage.dll

dbghelp: loaded successfully - version: 4.0.5 - missing functions: none
symbol engine: initialized successfully - sym options: 0x614 - pdb path: .;C:\Program Files\Java\jdk-11.0.2\bin;C:\WINDOWS\SYSTEM32;C:\WINDOWS\WinSxS\amd64_microsoft.windows.common-controls_6595b64144ccf1df_6.0.18362.356_none_e6c4af7d130f27cc;C:\Program Files\Java\jdk-11.0.2\bin\server

VM Arguments:
jvm_args: -Dfile.encoding=GBK --module-path=C:\Users\shinelon\eclipse-workspace1\practise\bin -Djdk.module.main=practise 
java_command: practise/practise.PractiseThird
java_class_path (initial): <not set>
Launcher Type: SUN_STANDARD

[Global flags]
     intx CICompilerCount                          = 3                                         {product} {ergonomic}
     uint ConcGCThreads                            = 1                                         {product} {ergonomic}
     uint G1ConcRefinementThreads                  = 4                                         {product} {ergonomic}
   size_t G1HeapRegionSize                         = 1048576                                   {product} {ergonomic}
    uintx GCDrainStackTargetSize                   = 64                                        {product} {ergonomic}
   size_t InitialHeapSize                          = 132120576                                 {product} {ergonomic}
   size_t MarkStackSize                            = 4194304                                   {product} {ergonomic}
   size_t MaxHeapSize                              = 2109734912                                {product} {ergonomic}
   size_t MinHeapDeltaBytes                        = 1048576                                   {product} {ergonomic}
    uintx NonNMethodCodeHeapSize                   = 5830092                                {pd product} {ergonomic}
    uintx NonProfiledCodeHeapSize                  = 122914074                              {pd product} {ergonomic}
    uintx ProfiledCodeHeapSize                     = 122914074                              {pd product} {ergonomic}
    uintx ReservedCodeCacheSize                    = 251658240                              {pd product} {ergonomic}
     bool SegmentedCodeCache                       = true                                      {product} {ergonomic}
     bool UseCompressedClassPointers               = true                                 {lp64_product} {ergonomic}
     bool UseCompressedOops                        = true                                 {lp64_product} {ergonomic}
     bool UseG1GC                                  = true                                      {product} {ergonomic}
     bool UseLargePagesIndividualAllocation        = false                                  {pd product} {ergonomic}

Logging:
Log output configuration:
 #0: stdout all=warning uptime,level,tags
 #1: stderr all=off uptime,level,tags

Environment Variables:
JAVA_HOME=C:\Program Files\Java\jdk-11.0.2
PATH=C:/Program Files/Java/jdk-11.0.2/bin/server;C:/Program Files/Java/jdk-11.0.2/bin;.;C:\Program Files\Java\jdk-11.0.2\bin;C:\Program Files\Java\jdk-11.0.2\jre\bin;C:\Program Files (x86)\Intel\Intel(R) Management Engine Components\iCLS\;C:\Program Files\Intel\Intel(R) Management Engine Components\iCLS\;C:\Windows\system32;C:\Windows;C:\Windows\System32\Wbem;C:\Windows\System32\WindowsPowerShell\v1.0\;C:\Program Files (x86)\NVIDIA Corporation\PhysX\Common;C:\Program Files (x86)\Intel\Intel(R) Management Engine Components\DAL;C:\Program Files\Intel\Intel(R) Management Engine Components\DAL;C:\Program Files (x86)\Intel\Intel(R) Management Engine Components\IPT;C:\Program Files\Intel\Intel(R) Management Engine Components\IPT;C:\Program Files\Intel\WiFi\bin\;C:\Program Files\Common Files\Intel\WirelessCommon\;C:\WINDOWS\system32;C:\WINDOWS;C:\WINDOWS\System32\Wbem;C:\WINDOWS\System32\WindowsPowerShell\v1.0\;C:\WINDOWS\System32\OpenSSH\;C:\Program Files (x86)\Microsoft SQL Server\100\Tools\Binn\;C:\Program Files\Microsoft SQL Server\100\Tools\Binn\;C:\Program Files\Microsoft SQL Server\100\DTS\Binn\;C:\Program Files\TortoiseGit\bin;C:\Program Files\Git\cmd;C:\Program Files\Git\mingw64\bin;C:\Program Files\Git\usr\bin;C:\Program Files\nodejs\;C:\Program Files\Microsoft SQL Server\90\DTS\Binn\;C:\Program Files (x86)\Microsoft SQL Server\80\Tools\Binn\;C:\Program Files\Microsoft SQL Server\90\Tools\binn\;C:\Program Files (x86)\Microsoft SQL Server\90\Tools\binn\;C:\Program Files (x86)\Microsoft SQL Server\90\DTS\Binn\;C:\Program Files (x86)\Microsoft SQL Server\90\Tools\Binn\VSShell\Common7\IDE\;C:\Program Files (x86)\Microsoft Visual Studio 8\Common7\IDE\PrivateAssemblies\;E:\server2012\110\DTS\Binn\;E:\server20121\110\Tools\Binn\;E:\server2012\110\Tools\Binn\;E:\server20121\110\Tools\Binn\ManagementStudio\;C:\Program Files (x86)\Microsoft Visual Studio 10.0\Common7\IDE\PrivateAssemblies\;E:\server20121\110\DTS\Binn\;C:\Users\shinelon\AppData\Local\Microsoft\WindowsApps;C:\P
USERNAME=shinelon
OS=Windows_NT
PROCESSOR_IDENTIFIER=Intel64 Family 6 Model 158 Stepping 10, GenuineIntel



---------------  S Y S T E M  ---------------

OS: Windows 10 , 64 bit Build 18362 (10.0.18362.329)

CPU:total 4 (initial active 4) (2 cores per cpu, 2 threads per core) family 6 model 158 stepping 10, cmov, cx8, fxsr, mmx, sse, sse2, sse3, ssse3, sse4.1, sse4.2, popcnt, aes, clmul, erms, 3dnowpref, lzcnt, ht, tsc, tscinvbit

Memory: 4k page, system-wide physical 8045M (271M free)
TotalPageFile size 29361M (AvailPageFile size 78M)
current process WorkingSet (physical memory assigned to process): 9M, peak: 9M
current process commit charge ("private bytes"): 51M, peak: 177M

vm_info: Java HotSpot(TM) 64-Bit Server VM (11.0.2+9-LTS) for windows-amd64 JRE (11.0.2+9-LTS), built on Jan 18 2019 05:24:10 by "mach5one" with MS VC++ 15.5 (VS2017)

END.
